15-Feb-2025 11:16:35.028 SEVERE [main] org.apache.catalina.core.ApplicationContext.log Servlet.init() для сервлета [com.example.config.JAXRSConfiguration] выбросил исключение
	org.glassfish.jersey.server.model.ModelValidationException: Validation of the application resource model has failed during application initialization.
[[HINT] Cannot create new registration for component type class org.glassfish.jersey.jsonb.internal.JsonBindingProvider: Existing previous registration found for the type.; source='null', [FATAL] A resource model has ambiguous (sub-)resource method for HTTP method GET and input mime-types as defined by"@Consumes" and "@Produces" annotations at Java methods public jakarta.ws.rs.core.Response com.example.config.VehicleResource.getVehicles() and public jakarta.ws.rs.core.Response com.example.rest.VehicleResource.getVehicles() at matching regular expression /vehicles. These two methods produces and consumes exactly the same mime-types and therefore their invocation as a resource methods will always fail.; source='org.glassfish.jersey.server.model.RuntimeResource@34322ba0', [FATAL] A resource model has ambiguous (sub-)resource method for HTTP method POST and input mime-types as defined by"@Consumes" and "@Produces" annotations at Java methods public jakarta.ws.rs.core.Response com.example.config.VehicleResource.addVehicle(com.example.model.Vehicle) and public jakarta.ws.rs.core.Response com.example.rest.VehicleResource.addVehicle(com.example.model.Vehicle) at matching regular expression /vehicles. These two methods produces and consumes exactly the same mime-types and therefore their invocation as a resource methods will always fail.; source='org.glassfish.jersey.server.model.RuntimeResource@34322ba0']
		at org.glassfish.jersey.server.ApplicationHandler.initialize(ApplicationHandler.java:388)
		at org.glassfish.jersey.server.ApplicationHandler.lambda$initialize$1(ApplicationHandler.java:310)
		at org.glassfish.jersey.internal.Errors.process(Errors.java:292)
		at org.glassfish.jersey.internal.Errors.process(Errors.java:274)
		at org.glassfish.jersey.internal.Errors.processWithException(Errors.java:232)
		at org.glassfish.jersey.server.ApplicationHandler.initialize(ApplicationHandler.java:309)
		at org.glassfish.jersey.server.ApplicationHandler.<init>(ApplicationHandler.java:274)
		at org.glassfish.jersey.servlet.WebComponent.<init>(WebComponent.java:311)
		at org.glassfish.jersey.servlet.ServletContainer.init(ServletContainer.java:154)
		at org.glassfish.jersey.servlet.ServletContainer.init(ServletContainer.java:338)
		at jakarta.servlet.GenericServlet.init(GenericServlet.java:143)
		at jakarta.servlet.http.HttpServlet.init(HttpServlet.java:121)
		at org.apache.catalina.core.StandardWrapper.initServlet(StandardWrapper.java:837)
		at org.apache.catalina.core.StandardWrapper.load(StandardWrapper.java:701)
		at org.apache.catalina.core.StandardContext.loadOnStartup(StandardContext.java:4183)
		at org.apache.catalina.core.StandardContext.startInternal(StandardContext.java:4470)
		at org.apache.catalina.util.LifecycleBase.start(LifecycleBase.java:164)
		at org.apache.catalina.core.ContainerBase.addChildInternal(ContainerBase.java:599)
		at org.apache.catalina.core.ContainerBase.addChild(ContainerBase.java:571)
		at org.apache.catalina.core.StandardHost.addChild(StandardHost.java:654)
		at org.apache.catalina.startup.HostConfig.deployDescriptor(HostConfig.java:635)
		at org.apache.catalina.startup.HostConfig$DeployDescriptor.run(HostConfig.java:1889)
		at java.base/java.util.concurrent.Executors$RunnableAdapter.call(Executors.java:572)
		at java.base/java.util.concurrent.FutureTask.run(FutureTask.java:317)
		at org.apache.tomcat.util.threads.InlineExecutorService.execute(InlineExecutorService.java:75)
		at java.base/java.util.concurrent.AbstractExecutorService.submit(AbstractExecutorService.java:124)
		at org.apache.catalina.startup.HostConfig.deployDescriptors(HostConfig.java:530)
		at org.apache.catalina.startup.HostConfig.deployApps(HostConfig.java:421)
		at org.apache.catalina.startup.HostConfig.start(HostConfig.java:1629)
		at org.apache.catalina.startup.HostConfig.lifecycleEvent(HostConfig.java:303)
		at org.apache.catalina.util.LifecycleBase.fireLifecycleEvent(LifecycleBase.java:109)
		at org.apache.catalina.util.LifecycleBase.setStateInternal(LifecycleBase.java:389)
		at org.apache.catalina.util.LifecycleBase.setState(LifecycleBase.java:336)
		at org.apache.catalina.core.ContainerBase.startInternal(ContainerBase.java:776)
		at org.apache.catalina.core.StandardHost.startInternal(StandardHost.java:772)
		at org.apache.catalina.util.LifecycleBase.start(LifecycleBase.java:164)
		at org.apache.catalina.core.ContainerBase$StartChild.call(ContainerBase.java:1203)
		at org.apache.catalina.core.ContainerBase$StartChild.call(ContainerBase.java:1193)
		at java.base/java.util.concurrent.FutureTask.run(FutureTask.java:317)
		at org.apache.tomcat.util.threads.InlineExecutorService.execute(InlineExecutorService.java:75)
		at java.base/java.util.concurrent.AbstractExecutorService.submit(AbstractExecutorService.java:148)
		at org.apache.catalina.core.ContainerBase.startInternal(ContainerBase.java:749)
		at org.apache.catalina.core.StandardEngine.startInternal(StandardEngine.java:203)
		at org.apache.catalina.util.LifecycleBase.start(LifecycleBase.java:164)
		at org.apache.catalina.core.StandardService.startInternal(StandardService.java:415)
		at org.apache.catalina.util.LifecycleBase.start(LifecycleBase.java:164)
		at org.apache.catalina.core.StandardServer.startInternal(StandardServer.java:870)
		at org.apache.catalina.util.LifecycleBase.start(LifecycleBase.java:164)
		at org.apache.catalina.startup.Catalina.start(Catalina.java:761)
		at java.base/jdk.internal.reflect.DirectMethodHandleAccessor.invoke(DirectMethodHandleAccessor.java:103)
		at java.base/java.lang.reflect.Method.invoke(Method.java:580)
		at org.apache.catalina.startup.Bootstrap.start(Bootstrap.java:345)
		at org.apache.catalina.startup.Bootstrap.main(Bootstrap.java:473)
15-Feb-2025 11:16:35.028 SEVERE [main] org.apache.catalina.core.StandardContext.loadOnStartup Servlet [com.example.config.JAXRSConfiguration] in web application [] threw load() exception
	org.glassfish.jersey.server.model.ModelValidationException: Validation of the application resource model has failed during application initialization.
[[HINT] Cannot create new registration for component type class org.glassfish.jersey.jsonb.internal.JsonBindingProvider: Existing previous registration found for the type.; source='null', [FATAL] A resource model has ambiguous (sub-)resource method for HTTP method GET and input mime-types as defined by"@Consumes" and "@Produces" annotations at Java methods public jakarta.ws.rs.core.Response com.example.config.VehicleResource.getVehicles() and public jakarta.ws.rs.core.Response com.example.rest.VehicleResource.getVehicles() at matching regular expression /vehicles. These two methods produces and consumes exactly the same mime-types and therefore their invocation as a resource methods will always fail.; source='org.glassfish.jersey.server.model.RuntimeResource@34322ba0', [FATAL] A resource model has ambiguous (sub-)resource method for HTTP method POST and input mime-types as defined by"@Consumes" and "@Produces" annotations at Java methods public jakarta.ws.rs.core.Response com.example.config.VehicleResource.addVehicle(com.example.model.Vehicle) and public jakarta.ws.rs.core.Response com.example.rest.VehicleResource.addVehicle(com.example.model.Vehicle) at matching regular expression /vehicles. These two methods produces and consumes exactly the same mime-types and therefore their invocation as a resource methods will always fail.; source='org.glassfish.jersey.server.model.RuntimeResource@34322ba0']
		at org.glassfish.jersey.server.ApplicationHandler.initialize(ApplicationHandler.java:388)
		at org.glassfish.jersey.server.ApplicationHandler.lambda$initialize$1(ApplicationHandler.java:310)
		at org.glassfish.jersey.internal.Errors.process(Errors.java:292)
		at org.glassfish.jersey.internal.Errors.process(Errors.java:274)
		at org.glassfish.jersey.internal.Errors.processWithException(Errors.java:232)
		at org.glassfish.jersey.server.ApplicationHandler.initialize(ApplicationHandler.java:309)
		at org.glassfish.jersey.server.ApplicationHandler.<init>(ApplicationHandler.java:274)
		at org.glassfish.jersey.servlet.WebComponent.<init>(WebComponent.java:311)
		at org.glassfish.jersey.servlet.ServletContainer.init(ServletContainer.java:154)
		at org.glassfish.jersey.servlet.ServletContainer.init(ServletContainer.java:338)
		at jakarta.servlet.GenericServlet.init(GenericServlet.java:143)
		at jakarta.servlet.http.HttpServlet.init(HttpServlet.java:121)
		at org.apache.catalina.core.StandardWrapper.initServlet(StandardWrapper.java:837)
		at org.apache.catalina.core.StandardWrapper.load(StandardWrapper.java:701)
		at org.apache.catalina.core.StandardContext.loadOnStartup(StandardContext.java:4183)
		at org.apache.catalina.core.StandardContext.startInternal(StandardContext.java:4470)
		at org.apache.catalina.util.LifecycleBase.start(LifecycleBase.java:164)
		at org.apache.catalina.core.ContainerBase.addChildInternal(ContainerBase.java:599)
		at org.apache.catalina.core.ContainerBase.addChild(ContainerBase.java:571)
		at org.apache.catalina.core.StandardHost.addChild(StandardHost.java:654)
		at org.apache.catalina.startup.HostConfig.deployDescriptor(HostConfig.java:635)
		at org.apache.catalina.startup.HostConfig$DeployDescriptor.run(HostConfig.java:1889)
		at java.base/java.util.concurrent.Executors$RunnableAdapter.call(Executors.java:572)
		at java.base/java.util.concurrent.FutureTask.run(FutureTask.java:317)
		at org.apache.tomcat.util.threads.InlineExecutorService.execute(InlineExecutorService.java:75)
		at java.base/java.util.concurrent.AbstractExecutorService.submit(AbstractExecutorService.java:124)
		at org.apache.catalina.startup.HostConfig.deployDescriptors(HostConfig.java:530)
		at org.apache.catalina.startup.HostConfig.deployApps(HostConfig.java:421)
		at org.apache.catalina.startup.HostConfig.start(HostConfig.java:1629)
		at org.apache.catalina.startup.HostConfig.lifecycleEvent(HostConfig.java:303)
		at org.apache.catalina.util.LifecycleBase.fireLifecycleEvent(LifecycleBase.java:109)
		at org.apache.catalina.util.LifecycleBase.setStateInternal(LifecycleBase.java:389)
		at org.apache.catalina.util.LifecycleBase.setState(LifecycleBase.java:336)
		at org.apache.catalina.core.ContainerBase.startInternal(ContainerBase.java:776)
		at org.apache.catalina.core.StandardHost.startInternal(StandardHost.java:772)
		at org.apache.catalina.util.LifecycleBase.start(LifecycleBase.java:164)
		at org.apache.catalina.core.ContainerBase$StartChild.call(ContainerBase.java:1203)
		at org.apache.catalina.core.ContainerBase$StartChild.call(ContainerBase.java:1193)
		at java.base/java.util.concurrent.FutureTask.run(FutureTask.java:317)
		at org.apache.tomcat.util.threads.InlineExecutorService.execute(InlineExecutorService.java:75)
		at java.base/java.util.concurrent.AbstractExecutorService.submit(AbstractExecutorService.java:148)
		at org.apache.catalina.core.ContainerBase.startInternal(ContainerBase.java:749)
		at org.apache.catalina.core.StandardEngine.startInternal(StandardEngine.java:203)
		at org.apache.catalina.util.LifecycleBase.start(LifecycleBase.java:164)
		at org.apache.catalina.core.StandardService.startInternal(StandardService.java:415)
		at org.apache.catalina.util.LifecycleBase.start(LifecycleBase.java:164)
		at org.apache.catalina.core.StandardServer.startInternal(StandardServer.java:870)
		at org.apache.catalina.util.LifecycleBase.start(LifecycleBase.java:164)
		at org.apache.catalina.startup.Catalina.start(Catalina.java:761)
		at java.base/jdk.internal.reflect.DirectMethodHandleAccessor.invoke(DirectMethodHandleAccessor.java:103)
		at java.base/java.lang.reflect.Method.invoke(Method.java:580)
		at org.apache.catalina.startup.Bootstrap.start(Bootstrap.java:345)
		at org.apache.catalina.startup.Bootstrap.main(Bootstrap.java:473)
